mode: atomic
realworld-backend/articles/models.go:54.70,56.23 2 0
realworld-backend/articles/models.go:56.23,58.3 1 0
realworld-backend/articles/models.go:59.2,64.25 4 0
realworld-backend/articles/models.go:67.51,74.2 4 0
realworld-backend/articles/models.go:76.70,84.2 4 0
realworld-backend/articles/models.go:86.69,94.2 4 0
realworld-backend/articles/models.go:96.71,103.2 3 0
realworld-backend/articles/models.go:105.38,109.2 3 0
realworld-backend/articles/models.go:111.66,121.2 9 0
realworld-backend/articles/models.go:123.45,127.29 4 0
realworld-backend/articles/models.go:127.29,130.3 2 0
realworld-backend/articles/models.go:131.2,132.12 2 0
realworld-backend/articles/models.go:135.39,140.2 4 0
realworld-backend/articles/models.go:142.97,148.16 5 0
realworld-backend/articles/models.go:148.16,150.3 1 0
realworld-backend/articles/models.go:152.2,153.16 2 0
realworld-backend/articles/models.go:153.16,155.3 1 0
realworld-backend/articles/models.go:157.2,158.15 2 0
realworld-backend/articles/models.go:158.15,161.23 3 0
realworld-backend/articles/models.go:161.23,164.4 2 0
realworld-backend/articles/models.go:165.8,165.25 1 0
realworld-backend/articles/models.go:165.25,170.31 4 0
realworld-backend/articles/models.go:170.31,173.4 2 0
realworld-backend/articles/models.go:174.8,174.28 1 0
realworld-backend/articles/models.go:174.28,178.31 4 0
realworld-backend/articles/models.go:178.31,185.44 4 0
realworld-backend/articles/models.go:185.44,189.5 3 0
realworld-backend/articles/models.go:191.8,194.3 2 0
realworld-backend/articles/models.go:196.2,196.24 1 0
realworld-backend/articles/models.go:196.24,200.3 3 0
realworld-backend/articles/models.go:201.2,202.27 2 0
realworld-backend/articles/models.go:205.96,211.16 5 0
realworld-backend/articles/models.go:211.16,213.3 1 0
realworld-backend/articles/models.go:214.2,215.16 2 0
realworld-backend/articles/models.go:215.16,217.3 1 0
realworld-backend/articles/models.go:219.2,222.39 4 0
realworld-backend/articles/models.go:222.39,225.3 2 0
realworld-backend/articles/models.go:227.2,229.24 2 0
realworld-backend/articles/models.go:229.24,233.3 3 0
realworld-backend/articles/models.go:234.2,235.27 2 0
realworld-backend/articles/models.go:238.57,241.27 3 0
realworld-backend/articles/models.go:241.27,244.17 3 0
realworld-backend/articles/models.go:244.17,246.4 1 0
realworld-backend/articles/models.go:247.3,247.38 1 0
realworld-backend/articles/models.go:249.2,250.12 2 0
realworld-backend/articles/models.go:253.59,257.2 3 0
realworld-backend/articles/models.go:259.54,263.2 3 0
realworld-backend/articles/models.go:265.54,269.2 3 0
realworld-backend/articles/routers.go:12.48,20.2 7 0
realworld-backend/articles/routers.go:22.57,26.2 3 0
realworld-backend/articles/routers.go:28.53,30.2 1 0
realworld-backend/articles/routers.go:32.36,34.54 2 0
realworld-backend/articles/routers.go:34.54,37.3 2 0
realworld-backend/articles/routers.go:40.2,40.69 1 0
realworld-backend/articles/routers.go:40.69,43.3 2 0
realworld-backend/articles/routers.go:44.2,45.69 2 0
realworld-backend/articles/routers.go:48.34,56.16 7 0
realworld-backend/articles/routers.go:56.16,59.3 2 0
realworld-backend/articles/routers.go:60.2,61.94 2 0
realworld-backend/articles/routers.go:64.34,68.25 4 0
realworld-backend/articles/routers.go:68.25,71.3 2 0
realworld-backend/articles/routers.go:72.2,74.16 3 0
realworld-backend/articles/routers.go:74.16,77.3 2 0
realworld-backend/articles/routers.go:78.2,79.94 2 0
realworld-backend/articles/routers.go:82.38,84.20 2 0
realworld-backend/articles/routers.go:84.20,87.3 2 0
realworld-backend/articles/routers.go:88.2,89.16 2 0
realworld-backend/articles/routers.go:89.16,92.3 2 0
realworld-backend/articles/routers.go:93.2,94.64 2 0
realworld-backend/articles/routers.go:97.36,100.16 3 0
realworld-backend/articles/routers.go:100.16,103.3 2 0
realworld-backend/articles/routers.go:104.2,105.54 2 0
realworld-backend/articles/routers.go:105.54,108.3 2 0
realworld-backend/articles/routers.go:110.2,111.80 2 0
realworld-backend/articles/routers.go:111.80,114.3 2 0
realworld-backend/articles/routers.go:115.2,116.64 2 0
realworld-backend/articles/routers.go:119.36,122.16 3 0
realworld-backend/articles/routers.go:122.16,125.3 2 0
realworld-backend/articles/routers.go:126.2,126.59 1 0
realworld-backend/articles/routers.go:129.38,132.16 3 0
realworld-backend/articles/routers.go:132.16,135.3 2 0
realworld-backend/articles/routers.go:136.2,137.81 2 0
realworld-backend/articles/routers.go:137.81,140.3 2 0
realworld-backend/articles/routers.go:141.2,142.64 2 0
realworld-backend/articles/routers.go:145.40,148.16 3 0
realworld-backend/articles/routers.go:148.16,151.3 2 0
realworld-backend/articles/routers.go:152.2,153.83 2 0
realworld-backend/articles/routers.go:153.83,156.3 2 0
realworld-backend/articles/routers.go:157.2,158.64 2 0
realworld-backend/articles/routers.go:161.43,164.16 3 0
realworld-backend/articles/routers.go:164.16,167.3 2 0
realworld-backend/articles/routers.go:168.2,169.54 2 0
realworld-backend/articles/routers.go:169.54,172.3 2 0
realworld-backend/articles/routers.go:173.2,175.69 2 0
realworld-backend/articles/routers.go:175.69,178.3 2 0
realworld-backend/articles/routers.go:179.2,180.69 2 0
realworld-backend/articles/routers.go:183.43,186.16 3 0
realworld-backend/articles/routers.go:186.16,189.3 2 0
realworld-backend/articles/routers.go:190.2,191.16 2 0
realworld-backend/articles/routers.go:191.16,194.3 2 0
realworld-backend/articles/routers.go:195.2,195.59 1 0
realworld-backend/articles/routers.go:198.41,201.16 3 0
realworld-backend/articles/routers.go:201.16,204.3 2 0
realworld-backend/articles/routers.go:205.2,206.16 2 0
realworld-backend/articles/routers.go:206.16,209.3 2 0
realworld-backend/articles/routers.go:210.2,211.65 2 0
realworld-backend/articles/routers.go:213.30,215.16 2 0
realworld-backend/articles/routers.go:215.16,218.3 2 0
realworld-backend/articles/routers.go:219.2,220.61 2 0
realworld-backend/articles/serializers.go:19.43,21.2 1 0
realworld-backend/articles/serializers.go:23.46,25.29 2 0
realworld-backend/articles/serializers.go:25.29,28.3 2 0
realworld-backend/articles/serializers.go:29.2,29.17 1 0
realworld-backend/articles/serializers.go:37.66,40.2 2 0
realworld-backend/articles/serializers.go:66.56,83.29 5 0
realworld-backend/articles/serializers.go:83.29,86.3 2 0
realworld-backend/articles/serializers.go:87.2,87.17 1 0
realworld-backend/articles/serializers.go:90.59,92.37 2 0
realworld-backend/articles/serializers.go:92.37,95.3 2 0
realworld-backend/articles/serializers.go:96.2,96.17 1 0
realworld-backend/articles/serializers.go:117.56,127.2 3 0
realworld-backend/articles/serializers.go:129.59,131.37 2 0
realworld-backend/articles/serializers.go:131.37,134.3 2 0
realworld-backend/articles/serializers.go:135.2,135.17 1 0
realworld-backend/articles/validators.go:20.55,22.2 1 0
realworld-backend/articles/validators.go:24.88,29.45 5 0
realworld-backend/articles/validators.go:29.45,31.3 1 0
realworld-backend/articles/validators.go:32.2,32.30 1 0
realworld-backend/articles/validators.go:35.60,39.16 3 0
realworld-backend/articles/validators.go:39.16,41.3 1 0
realworld-backend/articles/validators.go:42.2,48.12 7 0
realworld-backend/articles/validators.go:58.55,60.2 1 0
realworld-backend/articles/validators.go:62.60,66.16 3 0
realworld-backend/articles/validators.go:66.16,68.3 1 0
realworld-backend/articles/validators.go:69.2,71.12 3 0
realworld-backend/hello.go:15.27,22.2 6 0
realworld-backend/hello.go:24.13,54.41 16 0
realworld-backend/hello.go:54.41,58.3 1 0
realworld-backend/hello.go:61.2,81.9 6 0
realworld-backend/common/database.go:17.22,19.16 2 2
realworld-backend/common/database.go:19.16,21.3 1 1
realworld-backend/common/database.go:22.2,25.11 3 2
realworld-backend/common/database.go:29.28,31.16 2 3
realworld-backend/common/database.go:31.16,33.3 1 1
realworld-backend/common/database.go:34.2,37.11 4 3
realworld-backend/common/database.go:41.41,45.2 3 1
realworld-backend/common/database.go:48.23,50.2 1 1
realworld-backend/common/utils.go:19.31,21.19 2 2
realworld-backend/common/utils.go:21.19,23.3 1 10
realworld-backend/common/utils.go:24.2,24.18 1 2
realworld-backend/common/utils.go:32.31,42.2 4 1
realworld-backend/common/utils.go:52.47,56.25 4 2
realworld-backend/common/utils.go:56.25,59.22 1 2
realworld-backend/common/utils.go:59.22,61.4 1 1
realworld-backend/common/utils.go:61.9,63.4 1 1
realworld-backend/common/utils.go:66.2,66.12 1 2
realworld-backend/common/utils.go:70.50,75.2 4 2
realworld-backend/common/utils.go:80.50,83.2 2 4
